{"/workspaces/word-calc/src/app.js": {"path":"/workspaces/word-calc/src/app.js","statementMap":{"0":{"start":{"line":1,"column":16},"end":{"line":1,"column":34}},"1":{"start":{"line":3,"column":12},"end":{"line":3,"column":21}},"2":{"start":{"line":5,"column":19},"end":{"line":5,"column":42}},"3":{"start":{"line":7,"column":0},"end":{"line":7,"column":24}},"4":{"start":{"line":9,"column":0},"end":{"line":18,"column":3}},"5":{"start":{"line":10,"column":26},"end":{"line":10,"column":34}},"6":{"start":{"line":11,"column":15},"end":{"line":11,"column":35}},"7":{"start":{"line":12,"column":2},"end":{"line":17,"column":5}},"8":{"start":{"line":20,"column":15},"end":{"line":23,"column":2}},"9":{"start":{"line":22,"column":2},"end":{"line":22,"column":40}},"10":{"start":{"line":25,"column":0},"end":{"line":25,"column":24}}},"fnMap":{"0":{"name":"(anonymous_0)","decl":{"start":{"line":9,"column":23},"end":{"line":9,"column":24}},"loc":{"start":{"line":9,"column":37},"end":{"line":18,"column":1}},"line":9},"1":{"name":"(anonymous_1)","decl":{"start":{"line":20,"column":32},"end":{"line":20,"column":33}},"loc":{"start":{"line":20,"column":38},"end":{"line":23,"column":1}},"line":20}},"branchMap":{},"s":{"0":1,"1":1,"2":1,"3":1,"4":1,"5":2,"6":2,"7":2,"8":1,"9":1,"10":1},"f":{"0":2,"1":1},"b":{},"_coverageSchema":"1a1c01bbd47fc00a2c39e90264f33305004495a9","hash":"5d659deaa82794aec3838b23303db664a1744e8f"}
,"/workspaces/word-calc/src/calculator.js": {"path":"/workspaces/word-calc/src/calculator.js","statementMap":{"0":{"start":{"line":3,"column":4},"end":{"line":3,"column":21}},"1":{"start":{"line":4,"column":4},"end":{"line":26,"column":6}},"2":{"start":{"line":30,"column":4},"end":{"line":30,"column":30}},"3":{"start":{"line":34,"column":37},"end":{"line":34,"column":53}},"4":{"start":{"line":36,"column":4},"end":{"line":46,"column":5}},"5":{"start":{"line":38,"column":8},"end":{"line":38,"column":66}},"6":{"start":{"line":40,"column":8},"end":{"line":40,"column":66}},"7":{"start":{"line":43,"column":8},"end":{"line":43,"column":66}},"8":{"start":{"line":45,"column":8},"end":{"line":45,"column":35}},"9":{"start":{"line":50,"column":0},"end":{"line":50,"column":28}}},"fnMap":{"0":{"name":"(anonymous_0)","decl":{"start":{"line":2,"column":2},"end":{"line":2,"column":3}},"loc":{"start":{"line":2,"column":20},"end":{"line":27,"column":3}},"line":2},"1":{"name":"(anonymous_1)","decl":{"start":{"line":29,"column":2},"end":{"line":29,"column":3}},"loc":{"start":{"line":29,"column":21},"end":{"line":31,"column":3}},"line":29},"2":{"name":"(anonymous_2)","decl":{"start":{"line":33,"column":2},"end":{"line":33,"column":3}},"loc":{"start":{"line":33,"column":19},"end":{"line":47,"column":3}},"line":33}},"branchMap":{"0":{"loc":{"start":{"line":4,"column":19},"end":{"line":26,"column":5}},"type":"cond-expr","locations":[{"start":{"line":4,"column":35},"end":{"line":15,"column":5}},{"start":{"line":15,"column":8},"end":{"line":26,"column":5}}],"line":4},"1":{"loc":{"start":{"line":36,"column":4},"end":{"line":46,"column":5}},"type":"switch","locations":[{"start":{"line":37,"column":6},"end":{"line":38,"column":66}},{"start":{"line":39,"column":6},"end":{"line":40,"column":66}},{"start":{"line":41,"column":6},"end":{"line":41,"column":19}},{"start":{"line":42,"column":6},"end":{"line":43,"column":66}},{"start":{"line":44,"column":6},"end":{"line":45,"column":35}}],"line":36}},"s":{"0":4,"1":4,"2":40,"3":21,"4":21,"5":8,"6":6,"7":6,"8":1,"9":2},"f":{"0":4,"1":40,"2":21},"b":{"0":[3,1],"1":[8,6,3,6,1]},"_coverageSchema":"1a1c01bbd47fc00a2c39e90264f33305004495a9","hash":"53614cc3ad518db08cd3c98e50b6b8443da5ee20"}
}
