TN:
SF:src/app.js
FN:9,(anonymous_0)
FN:20,(anonymous_1)
FNF:2
FNH:2
FNDA:2,(anonymous_0)
FNDA:1,(anonymous_1)
DA:1,1
DA:3,1
DA:5,1
DA:7,1
DA:9,1
DA:10,2
DA:11,2
DA:12,2
DA:20,1
DA:22,1
DA:25,1
LF:11
LH:11
BRF:0
BRH:0
end_of_record
TN:
SF:src/calculator.js
FN:2,(anonymous_0)
FN:29,(anonymous_1)
FN:33,(anonymous_2)
FNF:3
FNH:3
FNDA:4,(anonymous_0)
FNDA:40,(anonymous_1)
FNDA:21,(anonymous_2)
DA:3,4
DA:4,4
DA:30,40
DA:34,21
DA:36,21
DA:38,8
DA:40,6
DA:43,6
DA:45,1
DA:50,2
LF:10
LH:10
BRDA:4,0,0,3
BRDA:4,0,1,1
BRDA:36,1,0,8
BRDA:36,1,1,6
BRDA:36,1,2,3
BRDA:36,1,3,6
BRDA:36,1,4,1
BRF:7
BRH:7
end_of_record
